{"timestamp":"2023-03-13T21:06:40.572Z","ip":"::1","location":"Unknown","browser":"Chrome 110.0.0 / Windows 10.0.0","method":"GET","url":"/users","status":200,"data":""}
{"timestamp":"2023-03-13T21:07:24.928Z","ip":"::1","location":"Unknown","browser":"Chrome 110.0.0 / Windows 10.0.0","method":"GET","url":"/","status":200,"data":""}
{"timestamp":"2023-03-13T21:07:30.134Z","ip":"::1","location":"Unknown","browser":"Chrome 110.0.0 / Windows 10.0.0","method":"GET","url":"/users","status":200,"data":""}
{"timestamp":"2023-03-13T21:07:31.498Z","ip":"::1","location":"Unknown","browser":"Chrome 110.0.0 / Windows 10.0.0","method":"GET","url":"/users","status":200,"data":""}
{"timestamp":"2023-03-13T21:07:41.030Z","ip":"::1","location":"Unknown","browser":"Chrome 110.0.0 / Windows 10.0.0","method":"GET","url":"/users/import%20logger%20from%20'./middleware/logger.js';","status":200,"data":""}
{"timestamp":"2023-03-13T21:07:54.096Z","ip":"::1","location":"Unknown","browser":"Chrome 110.0.0 / Windows 10.0.0","method":"GET","url":"/users/d9838a50-64f2-4666-9619-5673d48e296e","status":200,"data":""}
{"timestamp":"2023-03-13T21:16:25.831Z","ip":"::1","location":"Unknown","browser":"Chrome 110.0.0 / Windows 10.0.0","method":"GET","url":"/users","status":200,"data":""}
{"timestamp":"2023-03-13T21:26:22.747Z","ip":"::1","location":"Unknown","browser":"Chrome 110.0.0 / Windows 10.0.0","method":"GET","url":"/users","status":200,"data":""}
{"timestamp":"2023-03-13T21:29:30.373Z","ip":"::1","location":"Unknown","browser":"Chrome 110.0.0 / Windows 10.0.0","method":"GET","url":"/users","status":200,"data":""}
{"timestamp":"2023-03-13T21:29:35.187Z","ip":"::1","location":"Unknown","browser":"Chrome 110.0.0 / Windows 10.0.0","method":"GET","url":"/users","status":200,"data":""}
{"timestamp":"2023-03-13T21:29:35.788Z","ip":"::1","location":"Unknown","browser":"Chrome 110.0.0 / Windows 10.0.0","method":"GET","url":"/users","status":200,"data":""}
{"timestamp":"2023-03-13T21:29:36.019Z","ip":"::1","location":"Unknown","browser":"Chrome 110.0.0 / Windows 10.0.0","method":"GET","url":"/users","status":200,"data":""}
{"timestamp":"2023-03-13T21:30:16.021Z","ip":"::1","location":"Unknown","browser":"Chrome 110.0.0 / Windows 10.0.0","method":"GET","url":"/users?page=1&limit=10","status":200,"data":""}
{"timestamp":"2023-03-13T21:30:52.092Z","ip":"::1","location":"Unknown","browser":"Chrome 110.0.0 / Windows 10.0.0","method":"GET","url":"/users?page=1&limit=10","status":200,"data":""}
{"timestamp":"2023-03-13T21:30:55.642Z","ip":"::1","location":"Unknown","browser":"Chrome 110.0.0 / Windows 10.0.0","method":"GET","url":"/users?page=2&limit=10","status":200,"data":""}
{"timestamp":"2023-03-13T21:31:04.697Z","ip":"::1","location":"Unknown","browser":"Chrome 110.0.0 / Windows 10.0.0","method":"GET","url":"/users?page=3&limit=10","status":200,"data":""}
{"timestamp":"2023-03-13T21:31:11.882Z","ip":"::1","location":"Unknown","browser":"Chrome 110.0.0 / Windows 10.0.0","method":"GET","url":"/users?page=3&limit=50","status":200,"data":""}
{"timestamp":"2023-03-13T21:31:16.441Z","ip":"::1","location":"Unknown","browser":"Chrome 110.0.0 / Windows 10.0.0","method":"GET","url":"/users?page=1&limit=50","status":200,"data":""}
{"timestamp":"2023-03-13T21:31:23.099Z","ip":"::1","location":"Unknown","browser":"Chrome 110.0.0 / Windows 10.0.0","method":"GET","url":"/users?page=1&limit=100","status":200,"data":""}
{"timestamp":"2023-03-13T21:38:12.596Z","ip":"::1","location":"Unknown","browser":"Chrome 110.0.0 / Windows 10.0.0","method":"GET","url":"/users?page=1&limit=100","status":200,"data":""}
{"timestamp":"2023-03-13T21:38:25.912Z","ip":"::1","location":"Unknown","browser":"Chrome 110.0.0 / Windows 10.0.0","method":"GET","url":"/users?page=1&limit=100","status":200,"data":""}
{"timestamp":"2023-03-13T21:38:33.027Z","ip":"::1","location":"Unknown","browser":"Chrome 110.0.0 / Windows 10.0.0","method":"GET","url":"/users?page=1&limit=100","status":200,"data":""}
